\BOOKMARK [0][-]{chapter.1}{Introduction}{}% 1
\BOOKMARK [1][-]{section.1.1}{Objectifs}{chapter.1}% 2
\BOOKMARK [2][-]{subsection.1.1.1}{D\351finition}{section.1.1}% 3
\BOOKMARK [2][-]{subsection.1.1.2}{Utilit\351}{section.1.1}% 4
\BOOKMARK [1][-]{section.1.2}{Histoire}{chapter.1}% 5
\BOOKMARK [2][-]{subsection.1.2.1}{La documentation}{section.1.2}% 6
\BOOKMARK [1][-]{section.1.3}{Concepts}{chapter.1}% 7
\BOOKMARK [2][-]{subsection.1.3.1}{R\351seau}{section.1.3}% 8
\BOOKMARK [2][-]{subsection.1.3.2}{Syst\350me}{section.1.3}% 9
\BOOKMARK [0][-]{chapter.2}{Technique}{}% 10
\BOOKMARK [1][-]{section.2.1}{La base}{chapter.2}% 11
\BOOKMARK [2][-]{subsection.2.1.1}{DNS, DHCP et PXE}{section.2.1}% 12
\BOOKMARK [2][-]{subsection.2.1.2}{Installer fai-quickstart}{section.2.1}% 13
\BOOKMARK [2][-]{subsection.2.1.3}{NFSROOT}{section.2.1}% 14
\BOOKMARK [2][-]{subsection.2.1.4}{configuration de bases}{section.2.1}% 15
\BOOKMARK [1][-]{section.2.2}{Configurations avanc\351es et options en tout genres}{chapter.2}% 16
\BOOKMARK [2][-]{subsection.2.2.1}{Le Debian mirror}{section.2.2}% 17
\BOOKMARK [0][-]{chapter.3}{Alternatives}{}% 18
\BOOKMARK [1][-]{section.3.1}{Jumpstart}{chapter.3}% 19
\BOOKMARK [1][-]{section.3.2}{Kickstart}{chapter.3}% 20
\BOOKMARK [1][-]{section.3.3}{Rembo}{chapter.3}% 21
\BOOKMARK [1][-]{section.3.4}{Clonezilla}{chapter.3}% 22
\BOOKMARK [0][-]{chapter.4}{Conclusion}{}% 23
\BOOKMARK [0][-]{chapter.5}{Sources}{}% 24
